<?xml version="1.0" encoding="UTF-8"?>
<!-- Generated by org.testng.reporters.JUnitReportReporter -->
<testsuite hostname="DESKTOP-2PDTMJ5" failures="0" tests="1" name="betabatch.ConnectionManager" time="0.000" errors="0" timestamp="2024-04-09T22:13:50 MDT" skipped="1">
  <testcase classname="betabatch.ConnectionManager" name="validateLogin" time="0.000">
    <skipped/>
  </testcase> <!-- validateLogin -->
  <system-out/>
</testsuite> <!-- betabatch.ConnectionManager -->
